<?xml version="1.0" encoding="utf-8"?><testsuites><testsuite name="pytest" errors="0" failures="0" skipped="0" tests="11" time="3.090" timestamp="2025-01-08T01:05:52.823331" hostname="DESKTOP-E7DHE22"><testcase classname="tests.test_connection" name="test_link_connection[kittygram_domain]" time="0.120" /><testcase classname="tests.test_connection" name="test_kittygram_static_is_available" time="0.374" /><testcase classname="tests.test_connection" name="test_kittygram_api_available" time="0.087" /><testcase classname="tests.test_dockerhub_images" name="test_dockerhub_images_exist" time="1.617" /><testcase classname="tests.test_files" name="test_infra_files_exist" time="0.009" /><testcase classname="tests.test_files" name="test_deploy_info_file_content" time="0.003" /><testcase classname="tests.test_files" name="test_backend_dockerfile_exists" time="0.007" /><testcase classname="tests.test_files" name="test_backend_dokerfile_content" time="0.008" /><testcase classname="tests.test_files" name="test_workflow_file" time="0.057" /><testcase classname="tests.test_files" name="test_requirements_location" time="0.005" /><testcase classname="tests.test_files" name="test_docker_compose_prod_file_exists" time="0.018" /></testsuite></testsuites>